Build started 9/14/2015 11:33:35 PM.
     1>Project "C:\Users\Mena\Documents\Visual Studio 2012\Projects\hwkClassTemplates\hwkClassTemplates\hwkClassTemplates.vcxproj" on node 2 (Build target(s)).
     1>ClCompile:
         C:\Program Files (x86)\Microsoft Visual Studio 11.0\VC\bin\CL.exe /c /ZI /nologo /W3 /WX- /Od /Oy- /D WIN32 /D _DEBUG /D _CONSOLE /D _UNICODE /D UNICODE /Gm /EHsc /RTC1 /MDd /GS /fp:precise /Zc:wchar_t /Zc:forScope /Fo"Debug\\" /Fd"Debug\vc110.pdb" /Gd /TP /analyze- /errorReport:prompt hwkClassTemplates.cpp
         hwkClassTemplates.cpp
     1>c:\users\mena\documents\visual studio 2012\projects\hwkclasstemplates\hwkclasstemplates\hwkclasstemplates.cpp(67): warning C4305: 'argument' : truncation from 'double' to 'float'
     1>c:\users\mena\documents\visual studio 2012\projects\hwkclasstemplates\hwkclasstemplates\hwkclasstemplates.cpp(29): warning C4244: 'return' : conversion from 'double' to 'float', possible loss of data
                 c:\users\mena\documents\visual studio 2012\projects\hwkclasstemplates\hwkclasstemplates\hwkclasstemplates.cpp(29) : while compiling class template member function 'float Calculator<T1,T2>::add(void)'
                 with
                 [
                     T1=float,
                     T2=double
                 ]
                 c:\users\mena\documents\visual studio 2012\projects\hwkclasstemplates\hwkclasstemplates\hwkclasstemplates.cpp(68) : see reference to function template instantiation 'float Calculator<T1,T2>::add(void)' being compiled
                 with
                 [
                     T1=float,
                     T2=double
                 ]
                 c:\users\mena\documents\visual studio 2012\projects\hwkclasstemplates\hwkclasstemplates\hwkclasstemplates.cpp(67) : see reference to class template instantiation 'Calculator<T1,T2>' being compiled
                 with
                 [
                     T1=float,
                     T2=double
                 ]
     1>c:\users\mena\documents\visual studio 2012\projects\hwkclasstemplates\hwkclasstemplates\hwkclasstemplates.cpp(31): warning C4244: 'return' : conversion from 'double' to 'float', possible loss of data
                 c:\users\mena\documents\visual studio 2012\projects\hwkclasstemplates\hwkclasstemplates\hwkclasstemplates.cpp(31) : while compiling class template member function 'float Calculator<T1,T2>::multiply(void)'
                 with
                 [
                     T1=float,
                     T2=double
                 ]
                 c:\users\mena\documents\visual studio 2012\projects\hwkclasstemplates\hwkclasstemplates\hwkclasstemplates.cpp(69) : see reference to function template instantiation 'float Calculator<T1,T2>::multiply(void)' being compiled
                 with
                 [
                     T1=float,
                     T2=double
                 ]
       Link:
         C:\Program Files (x86)\Microsoft Visual Studio 11.0\VC\bin\link.exe /ERRORREPORT:PROMPT /OUT:"C:\Users\Mena\Documents\Visual Studio 2012\Projects\hwkClassTemplates\Debug\hwkClassTemplates.exe" /INCREMENTAL /NOLOGO kernel32.lib user32.lib gdi32.lib winspool.lib comdlg32.lib advapi32.lib shell32.lib ole32.lib oleaut32.lib uuid.lib odbc32.lib odbccp32.lib /MANIFEST /MANIFESTUAC:"level='asInvoker' uiAccess='false'" /manifest:embed /DEBUG /PDB:"C:\Users\Mena\Documents\Visual Studio 2012\Projects\hwkClassTemplates\Debug\hwkClassTemplates.pdb" /SUBSYSTEM:CONSOLE /TLBID:1 /DYNAMICBASE /NXCOMPAT /IMPLIB:"C:\Users\Mena\Documents\Visual Studio 2012\Projects\hwkClassTemplates\Debug\hwkClassTemplates.lib" /MACHINE:X86 Debug\hwkClassTemplates.obj
         hwkClassTemplates.vcxproj -> C:\Users\Mena\Documents\Visual Studio 2012\Projects\hwkClassTemplates\Debug\hwkClassTemplates.exe
     1>Done Building Project "C:\Users\Mena\Documents\Visual Studio 2012\Projects\hwkClassTemplates\hwkClassTemplates\hwkClassTemplates.vcxproj" (Build target(s)).

Build succeeded.

Time Elapsed 00:00:02.04
