Build started 11/23/2014 9:28:27 PM.
     1>Project "c:\Users\Mena\documents\visual studio 2013\Projects\p5\p5\p5.vcxproj" on node 2 (Build target(s)).
     1>ClCompile:
         C:\Program Files (x86)\Microsoft Visual Studio 12.0\VC\bin\CL.exe /c /ZI /nologo /W3 /WX- /sdl /Od /Oy- /D WIN32 /D _DEBUG /D _CONSOLE /D _LIB /D _UNICODE /D UNICODE /Gm /EHsc /RTC1 /MDd /GS /fp:precise /Zc:wchar_t /Zc:forScope /Yc"stdafx.h" /Fp"Debug\p5.pch" /Fo"Debug\\" /Fd"Debug\vc120.pdb" /Gd /TP /analyze- /errorReport:prompt stdafx.cpp
         stdafx.cpp
         C:\Program Files (x86)\Microsoft Visual Studio 12.0\VC\bin\CL.exe /c /ZI /nologo /W3 /WX- /sdl /Od /Oy- /D WIN32 /D _DEBUG /D _CONSOLE /D _LIB /D _UNICODE /D UNICODE /Gm /EHsc /RTC1 /MDd /GS /fp:precise /Zc:wchar_t /Zc:forScope /Yu"stdafx.h" /Fp"Debug\p5.pch" /Fo"Debug\\" /Fd"Debug\vc120.pdb" /Gd /TP /analyze- /errorReport:prompt p5.cpp
         p5.cpp
     1>c:\users\mena\documents\visual studio 2013\projects\p5\p5\p5.cpp(251): warning C4553: '==' : operator has no effect; did you intend '='?
     1>c:\users\mena\documents\visual studio 2013\projects\p5\p5\p5.cpp(28): warning C4101: 'holder3' : unreferenced local variable
     1>c:\users\mena\documents\visual studio 2013\projects\p5\p5\p5.cpp(27): warning C4101: 'holder2' : unreferenced local variable
     1>c:\users\mena\documents\visual studio 2013\projects\p5\p5\p5.cpp(26): warning C4101: 'holder' : unreferenced local variable
     1>c:\users\mena\documents\visual studio 2013\projects\p5\p5\p5.cpp(43): warning C4101: 'op' : unreferenced local variable
     1>c:\users\mena\documents\visual studio 2013\projects\p5\p5\p5.cpp(327): warning C4018: '<' : signed/unsigned mismatch
     1>c:\users\mena\documents\visual studio 2013\projects\p5\p5\p5.cpp(337): warning C4715: 'foundString' : not all control paths return a value
       Link:
         C:\Program Files (x86)\Microsoft Visual Studio 12.0\VC\bin\link.exe /ERRORREPORT:PROMPT /OUT:"c:\Users\Mena\documents\visual studio 2013\Projects\p5\Debug\p5.exe" /INCREMENTAL /NOLOGO kernel32.lib user32.lib gdi32.lib winspool.lib comdlg32.lib advapi32.lib shell32.lib ole32.lib oleaut32.lib uuid.lib odbc32.lib odbccp32.lib /MANIFEST /MANIFESTUAC:"level='asInvoker' uiAccess='false'" /manifest:embed /DEBUG /PDB:"c:\Users\Mena\documents\visual studio 2013\Projects\p5\Debug\p5.pdb" /SUBSYSTEM:CONSOLE /TLBID:1 /DYNAMICBASE /NXCOMPAT /IMPLIB:"c:\Users\Mena\documents\visual studio 2013\Projects\p5\Debug\p5.lib" /MACHINE:X86 Debug\p5.obj
         Debug\stdafx.obj
         p5.vcxproj -> c:\Users\Mena\documents\visual studio 2013\Projects\p5\Debug\p5.exe
     1>Done Building Project "c:\Users\Mena\documents\visual studio 2013\Projects\p5\p5\p5.vcxproj" (Build target(s)).

Build succeeded.

Time Elapsed 00:00:02.07
