Build started 10/23/2015 2:08:44 PM.
     1>Project "C:\Users\Mena\Documents\Visual Studio 2012\Projects\LabTree\LabTree\LabTree.vcxproj" on node 2 (Build target(s)).
     1>ClCompile:
         C:\Program Files (x86)\Microsoft Visual Studio 11.0\VC\bin\CL.exe /c /ZI /nologo /W3 /WX- /Od /Oy- /D WIN32 /D _DEBUG /D _CONSOLE /D _UNICODE /D UNICODE /Gm /EHsc /RTC1 /MDd /GS /fp:precise /Zc:wchar_t /Zc:forScope /Fo"Debug\\" /Fd"Debug\vc110.pdb" /Gd /TP /analyze- /errorReport:prompt sequenceDatabase.cpp sequenceTree.cpp
         sequenceTree.cpp
         sequenceDatabase.cpp
         Generating Code...
     1>c:\users\mena\documents\visual studio 2012\projects\labtree\labtree\sequencedatabase.cpp(136): warning C4700: uninitialized local variable 'sq' used
       Link:
         C:\Program Files (x86)\Microsoft Visual Studio 11.0\VC\bin\link.exe /ERRORREPORT:PROMPT /OUT:"C:\Users\Mena\Documents\Visual Studio 2012\Projects\LabTree\Debug\LabTree.exe" /INCREMENTAL /NOLOGO kernel32.lib user32.lib gdi32.lib winspool.lib comdlg32.lib advapi32.lib shell32.lib ole32.lib oleaut32.lib uuid.lib odbc32.lib odbccp32.lib /MANIFEST /MANIFESTUAC:"level='asInvoker' uiAccess='false'" /manifest:embed /DEBUG /PDB:"C:\Users\Mena\Documents\Visual Studio 2012\Projects\LabTree\Debug\LabTree.pdb" /SUBSYSTEM:CONSOLE /TLBID:1 /DYNAMICBASE /NXCOMPAT /IMPLIB:"C:\Users\Mena\Documents\Visual Studio 2012\Projects\LabTree\Debug\LabTree.lib" /MACHINE:X86 Debug\AA.obj
         Debug\DNA.obj
         "Debug\labTrees-main.obj"
         Debug\RNA.obj
         Debug\sequence.obj
         Debug\sequenceDatabase.obj
         Debug\sequenceTree.obj
         LabTree.vcxproj -> C:\Users\Mena\Documents\Visual Studio 2012\Projects\LabTree\Debug\LabTree.exe
     1>Done Building Project "C:\Users\Mena\Documents\Visual Studio 2012\Projects\LabTree\LabTree\LabTree.vcxproj" (Build target(s)).

Build succeeded.

Time Elapsed 00:00:03.62
