Build started 11/10/2015 8:28:13 PM.
     1>Project "C:\Users\Mena\Documents\Visual Studio 2012\Projects\New folder\labSorting\labSorting\labSorting.vcxproj" on node 2 (Build target(s)).
     1>ClCompile:
         C:\Program Files (x86)\Microsoft Visual Studio 11.0\VC\bin\CL.exe /c /ZI /nologo /W3 /WX- /Od /Oy- /D WIN32 /D _DEBUG /D _CONSOLE /D _UNICODE /D UNICODE /Gm /EHsc /RTC1 /MDd /GS /fp:precise /Zc:wchar_t /Zc:forScope /Fo"Debug\\" /Fd"Debug\vc110.pdb" /Gd /TP /analyze- /errorReport:prompt bubbleSort.cpp heapsort.cpp insertionSort.cpp "labSorting-main.cpp" mergesort.cpp quicksort.cpp timer.cpp
         timer.cpp
         quicksort.cpp
         mergesort.cpp
         labSorting-main.cpp
         insertionSort.cpp
         heapsort.cpp
         bubbleSort.cpp
         Generating Code...
       Link:
         C:\Program Files (x86)\Microsoft Visual Studio 11.0\VC\bin\link.exe /ERRORREPORT:PROMPT /OUT:"C:\Users\Mena\Documents\Visual Studio 2012\Projects\New folder\labSorting\Debug\labSorting.exe" /INCREMENTAL /NOLOGO kernel32.lib user32.lib gdi32.lib winspool.lib comdlg32.lib advapi32.lib shell32.lib ole32.lib oleaut32.lib uuid.lib odbc32.lib odbccp32.lib /MANIFEST /MANIFESTUAC:"level='asInvoker' uiAccess='false'" /manifest:embed /DEBUG /PDB:"C:\Users\Mena\Documents\Visual Studio 2012\Projects\New folder\labSorting\Debug\labSorting.pdb" /SUBSYSTEM:CONSOLE /TLBID:1 /DYNAMICBASE /NXCOMPAT /IMPLIB:"C:\Users\Mena\Documents\Visual Studio 2012\Projects\New folder\labSorting\Debug\labSorting.lib" /MACHINE:X86 Debug\bubbleSort.obj
         Debug\heapsort.obj
         Debug\insertionSort.obj
         "Debug\labSorting-main.obj"
         Debug\mergesort.obj
         Debug\quicksort.obj
         Debug\timer.obj
         labSorting.vcxproj -> C:\Users\Mena\Documents\Visual Studio 2012\Projects\New folder\labSorting\Debug\labSorting.exe
     1>Done Building Project "C:\Users\Mena\Documents\Visual Studio 2012\Projects\New folder\labSorting\labSorting\labSorting.vcxproj" (Build target(s)).

Build succeeded.

Time Elapsed 00:00:07.36
